{"/home/hp/Front-end/ignite/src/Config.js": {"path":"/home/hp/Front-end/ignite/src/Config.js","statementMap":{"0":{"start":{"line":1,"column":24},"end":{"line":1,"column":184}},"1":{"start":{"line":3,"column":34},"end":{"line":3,"column":125}},"2":{"start":{"line":5,"column":30},"end":{"line":5,"column":117}},"3":{"start":{"line":7,"column":29},"end":{"line":7,"column":145}},"4":{"start":{"line":9,"column":31},"end":{"line":148,"column":7}}},"fnMap":{},"branchMap":{},"s":{"0":2,"1":2,"2":2,"3":2,"4":2},"f":{},"b":{},"_coverageSchema":"1a1c01bbd47fc00a2c39e90264f33305004495a9","hash":"a8249c203ff33c20c5c3729350f5f67163f366ba"}
,"/home/hp/Front-end/ignite/src/Components/Body.js": {"path":"/home/hp/Front-end/ignite/src/Components/Body.js","statementMap":{"0":{"start":{"line":10,"column":12},"end":{"line":58,"column":3}},"1":{"start":{"line":12,"column":46},"end":{"line":12,"column":58}},"2":{"start":{"line":13,"column":56},"end":{"line":13,"column":68}},"3":{"start":{"line":14,"column":41},"end":{"line":14,"column":53}},"4":{"start":{"line":17,"column":4},"end":{"line":19,"column":10}},"5":{"start":{"line":18,"column":12},"end":{"line":18,"column":28}},"6":{"start":{"line":22,"column":21},"end":{"line":22,"column":47}},"7":{"start":{"line":23,"column":21},"end":{"line":23,"column":38}},"8":{"start":{"line":24,"column":8},"end":{"line":24,"column":66}},"9":{"start":{"line":25,"column":8},"end":{"line":25,"column":71}},"10":{"start":{"line":28,"column":22},"end":{"line":28,"column":33}},"11":{"start":{"line":29,"column":4},"end":{"line":32,"column":5}},"12":{"start":{"line":30,"column":8},"end":{"line":30,"column":31}},"13":{"start":{"line":31,"column":8},"end":{"line":31,"column":71}},"14":{"start":{"line":36,"column":4},"end":{"line":57,"column":7}},"15":{"start":{"line":45,"column":24},"end":{"line":45,"column":55}},"16":{"start":{"line":49,"column":29},"end":{"line":49,"column":67}},"17":{"start":{"line":50,"column":16},"end":{"line":50,"column":44}},"18":{"start":{"line":54,"column":120},"end":{"line":54,"column":219}}},"fnMap":{"0":{"name":"(anonymous_0)","decl":{"start":{"line":10,"column":12},"end":{"line":10,"column":13}},"loc":{"start":{"line":10,"column":17},"end":{"line":58,"column":3}},"line":10},"1":{"name":"(anonymous_1)","decl":{"start":{"line":17,"column":14},"end":{"line":17,"column":15}},"loc":{"start":{"line":17,"column":18},"end":{"line":19,"column":5}},"line":17},"2":{"name":"getRestaurants","decl":{"start":{"line":21,"column":19},"end":{"line":21,"column":33}},"loc":{"start":{"line":21,"column":35},"end":{"line":26,"column":5}},"line":21},"3":{"name":"(anonymous_3)","decl":{"start":{"line":44,"column":43},"end":{"line":44,"column":44}},"loc":{"start":{"line":44,"column":48},"end":{"line":46,"column":21}},"line":44},"4":{"name":"(anonymous_4)","decl":{"start":{"line":48,"column":125},"end":{"line":48,"column":126}},"loc":{"start":{"line":48,"column":129},"end":{"line":51,"column":13}},"line":48},"5":{"name":"(anonymous_5)","decl":{"start":{"line":54,"column":113},"end":{"line":54,"column":114}},"loc":{"start":{"line":54,"column":120},"end":{"line":54,"column":219}},"line":54}},"branchMap":{"0":{"loc":{"start":{"line":29,"column":4},"end":{"line":32,"column":5}},"type":"if","locations":[{"start":{"line":29,"column":4},"end":{"line":32,"column":5}},{"start":{},"end":{}}],"line":29},"1":{"loc":{"start":{"line":36,"column":12},"end":{"line":57,"column":7}},"type":"cond-expr","locations":[{"start":{"line":36,"column":42},"end":{"line":36,"column":49}},{"start":{"line":37,"column":8},"end":{"line":56,"column":12}}],"line":36},"2":{"loc":{"start":{"line":54,"column":13},"end":{"line":54,"column":220}},"type":"cond-expr","locations":[{"start":{"line":54,"column":48},"end":{"line":54,"column":86}},{"start":{"line":54,"column":88},"end":{"line":54,"column":220}}],"line":54}},"s":{"0":1,"1":2,"2":1,"3":1,"4":1,"5":1,"6":1,"7":1,"8":1,"9":1,"10":1,"11":1,"12":0,"13":0,"14":1,"15":0,"16":0,"17":0,"18":0},"f":{"0":2,"1":1,"2":1,"3":0,"4":0,"5":0},"b":{"0":[0,1],"1":[1,0],"2":[0,0]},"_coverageSchema":"1a1c01bbd47fc00a2c39e90264f33305004495a9","hash":"630bce4d139bc4d6f03753e78cf2f9b3d12ed659"}
,"/home/hp/Front-end/ignite/src/Components/Header.js": {"path":"/home/hp/Front-end/ignite/src/Components/Header.js","statementMap":{"0":{"start":{"line":6,"column":14},"end":{"line":28,"column":3}},"1":{"start":{"line":9,"column":23},"end":{"line":9,"column":61}},"2":{"start":{"line":9,"column":44},"end":{"line":9,"column":60}},"3":{"start":{"line":12,"column":4},"end":{"line":27,"column":5}}},"fnMap":{"0":{"name":"(anonymous_0)","decl":{"start":{"line":6,"column":14},"end":{"line":6,"column":15}},"loc":{"start":{"line":6,"column":19},"end":{"line":28,"column":3}},"line":6},"1":{"name":"(anonymous_1)","decl":{"start":{"line":9,"column":35},"end":{"line":9,"column":36}},"loc":{"start":{"line":9,"column":44},"end":{"line":9,"column":60}},"line":9}},"branchMap":{},"s":{"0":1,"1":2,"2":2,"3":2},"f":{"0":2,"1":2},"b":{},"_coverageSchema":"1a1c01bbd47fc00a2c39e90264f33305004495a9","hash":"6aae9b965a4a5e6b6c024fd26afb30eae35a740d"}
,"/home/hp/Front-end/ignite/src/Components/RestaurantCard.js": {"path":"/home/hp/Front-end/ignite/src/Components/RestaurantCard.js","statementMap":{"0":{"start":{"line":4,"column":22},"end":{"line":23,"column":3}},"1":{"start":{"line":6,"column":4},"end":{"line":22,"column":5}}},"fnMap":{"0":{"name":"(anonymous_0)","decl":{"start":{"line":4,"column":22},"end":{"line":4,"column":23}},"loc":{"start":{"line":4,"column":104},"end":{"line":23,"column":3}},"line":4}},"branchMap":{},"s":{"0":1,"1":0},"f":{"0":0},"b":{},"_coverageSchema":"1a1c01bbd47fc00a2c39e90264f33305004495a9","hash":"72721dd4995310cd2d901deaf77531fc1911f2a3"}
,"/home/hp/Front-end/ignite/src/Components/Shimmer.js": {"path":"/home/hp/Front-end/ignite/src/Components/Shimmer.js","statementMap":{"0":{"start":{"line":3,"column":13},"end":{"line":27,"column":1}},"1":{"start":{"line":4,"column":2},"end":{"line":26,"column":3}},"2":{"start":{"line":7,"column":14},"end":{"line":21,"column":20}}},"fnMap":{"0":{"name":"(anonymous_0)","decl":{"start":{"line":3,"column":13},"end":{"line":3,"column":14}},"loc":{"start":{"line":3,"column":18},"end":{"line":27,"column":1}},"line":3},"1":{"name":"(anonymous_1)","decl":{"start":{"line":6,"column":32},"end":{"line":6,"column":33}},"loc":{"start":{"line":7,"column":14},"end":{"line":21,"column":20}},"line":7}},"branchMap":{},"s":{"0":1,"1":1,"2":15},"f":{"0":1,"1":15},"b":{},"_coverageSchema":"1a1c01bbd47fc00a2c39e90264f33305004495a9","hash":"30c373914a6f01fce27eb9f5a45d899c9b80580d"}
,"/home/hp/Front-end/ignite/src/Components/mocks/data.js": {"path":"/home/hp/Front-end/ignite/src/Components/mocks/data.js","statementMap":{"0":{"start":{"line":1,"column":31},"end":{"line":2828,"column":1}}},"fnMap":{},"branchMap":{},"s":{"0":1},"f":{},"b":{},"_coverageSchema":"1a1c01bbd47fc00a2c39e90264f33305004495a9","hash":"67dd422ad22f4cfd65718bfd2ac27d86c91b646f"}
,"/home/hp/Front-end/ignite/src/utils/cartSlice.js": {"path":"/home/hp/Front-end/ignite/src/utils/cartSlice.js","statementMap":{"0":{"start":{"line":3,"column":18},"end":{"line":19,"column":2}},"1":{"start":{"line":10,"column":12},"end":{"line":10,"column":45}},"2":{"start":{"line":13,"column":12},"end":{"line":13,"column":27}},"3":{"start":{"line":16,"column":12},"end":{"line":16,"column":30}},"4":{"start":{"line":21,"column":45},"end":{"line":21,"column":62}}},"fnMap":{"0":{"name":"(anonymous_0)","decl":{"start":{"line":9,"column":17},"end":{"line":9,"column":18}},"loc":{"start":{"line":9,"column":34},"end":{"line":11,"column":9}},"line":9},"1":{"name":"(anonymous_1)","decl":{"start":{"line":12,"column":19},"end":{"line":12,"column":20}},"loc":{"start":{"line":12,"column":28},"end":{"line":14,"column":9}},"line":12},"2":{"name":"(anonymous_2)","decl":{"start":{"line":15,"column":20},"end":{"line":15,"column":21}},"loc":{"start":{"line":15,"column":36},"end":{"line":17,"column":9}},"line":15}},"branchMap":{},"s":{"0":2,"1":0,"2":0,"3":0,"4":2},"f":{"0":0,"1":0,"2":0},"b":{},"_coverageSchema":"1a1c01bbd47fc00a2c39e90264f33305004495a9","hash":"354ab6bf9cd830abd19fa8f66c987b1971f088c2"}
,"/home/hp/Front-end/ignite/src/utils/helper.js": {"path":"/home/hp/Front-end/ignite/src/utils/helper.js","statementMap":{"0":{"start":{"line":1,"column":25},"end":{"line":4,"column":5}},"1":{"start":{"line":2,"column":20},"end":{"line":2,"column":124}},"2":{"start":{"line":2,"column":53},"end":{"line":2,"column":123}},"3":{"start":{"line":3,"column":8},"end":{"line":3,"column":20}}},"fnMap":{"0":{"name":"(anonymous_0)","decl":{"start":{"line":1,"column":25},"end":{"line":1,"column":26}},"loc":{"start":{"line":1,"column":52},"end":{"line":4,"column":5}},"line":1},"1":{"name":"(anonymous_1)","decl":{"start":{"line":2,"column":39},"end":{"line":2,"column":40}},"loc":{"start":{"line":2,"column":53},"end":{"line":2,"column":123}},"line":2}},"branchMap":{},"s":{"0":1,"1":0,"2":0,"3":0},"f":{"0":0,"1":0},"b":{},"_coverageSchema":"1a1c01bbd47fc00a2c39e90264f33305004495a9","hash":"819cd733f654f73be9e0deb321aa42d64b6a920d"}
,"/home/hp/Front-end/ignite/src/utils/store.js": {"path":"/home/hp/Front-end/ignite/src/utils/store.js","statementMap":{"0":{"start":{"line":4,"column":14},"end":{"line":8,"column":2}}},"fnMap":{},"branchMap":{},"s":{"0":2},"f":{},"b":{},"_coverageSchema":"1a1c01bbd47fc00a2c39e90264f33305004495a9","hash":"4e98c0dcdcd7401350e6b9e76f671ab09dbe5792"}
,"/home/hp/Front-end/ignite/src/utils/useOnline.js": {"path":"/home/hp/Front-end/ignite/src/utils/useOnline.js","statementMap":{"0":{"start":{"line":3,"column":18},"end":{"line":24,"column":1}},"1":{"start":{"line":4,"column":35},"end":{"line":4,"column":49}},"2":{"start":{"line":6,"column":4},"end":{"line":21,"column":9}},"3":{"start":{"line":7,"column":8},"end":{"line":7,"column":54}},"4":{"start":{"line":8,"column":8},"end":{"line":8,"column":56}},"5":{"start":{"line":11,"column":12},"end":{"line":11,"column":30}},"6":{"start":{"line":14,"column":12},"end":{"line":14,"column":31}},"7":{"start":{"line":17,"column":8},"end":{"line":20,"column":9}},"8":{"start":{"line":18,"column":12},"end":{"line":18,"column":62}},"9":{"start":{"line":19,"column":12},"end":{"line":19,"column":64}},"10":{"start":{"line":23,"column":4},"end":{"line":23,"column":20}}},"fnMap":{"0":{"name":"(anonymous_0)","decl":{"start":{"line":3,"column":18},"end":{"line":3,"column":19}},"loc":{"start":{"line":3,"column":23},"end":{"line":24,"column":1}},"line":3},"1":{"name":"(anonymous_1)","decl":{"start":{"line":6,"column":14},"end":{"line":6,"column":15}},"loc":{"start":{"line":6,"column":18},"end":{"line":21,"column":5}},"line":6},"2":{"name":"handleOnline","decl":{"start":{"line":10,"column":17},"end":{"line":10,"column":29}},"loc":{"start":{"line":10,"column":31},"end":{"line":12,"column":9}},"line":10},"3":{"name":"handleOffline","decl":{"start":{"line":13,"column":17},"end":{"line":13,"column":30}},"loc":{"start":{"line":13,"column":32},"end":{"line":15,"column":9}},"line":13},"4":{"name":"(anonymous_4)","decl":{"start":{"line":17,"column":15},"end":{"line":17,"column":16}},"loc":{"start":{"line":17,"column":19},"end":{"line":20,"column":9}},"line":17}},"branchMap":{},"s":{"0":1,"1":1,"2":1,"3":1,"4":1,"5":0,"6":0,"7":1,"8":1,"9":1,"10":1},"f":{"0":1,"1":1,"2":0,"3":0,"4":1},"b":{},"_coverageSchema":"1a1c01bbd47fc00a2c39e90264f33305004495a9","hash":"e2d7045939665a5a6b440bda86375e8fa6206a27"}
}
